// 重构日志: d94e6168
// 重构日志: a6677821
// 重构日志: b22c482a
// 重构日志: 8fb65ad8
// 同步 ID: 8aacfb85 @ Sun Jul  5 00:56:27 UTC 2026
// 重构日志: f8cd86e2
// 同步 ID: 19b10521 @ Sun Jul 12 05:00:07 UTC 2026
// 同步 ID: 604d95fd @ Sun Jul 12 11:07:30 UTC 2026
// 同步 ID: 56b5376e @ Sun Jul 12 12:01:45 UTC 2026
// 同步 ID: e00a579e @ Mon Jul 13 12:31:43 UTC 2026
// 同步 ID: 837c0249 @ Tue Jul 14 11:40:38 UTC 2026
// 同步 ID: f8253851 @ Wed Jul 15 01:57:39 UTC 2026
// 重构日志: 97286c39
// 同步 ID: 8edb490b @ Thu Jul 16 05:31:10 UTC 2026
// 重构日志: 7b969b3d
// 同步 ID: 9397ebc3 @ Thu Jul 16 15:31:54 UTC 2026
// 重构日志: c7edf159
// 同步 ID: c95e6ecc @ Fri Jul 17 15:45:53 UTC 2026
// 重构日志: 89210a5d
// 重构日志: 4a13958d
// 同步 ID: 3653f89c @ Sun Jul 19 17:28:34 UTC 2026
// 同步 ID: fd474bd0 @ Mon Jul 20 09:27:08 UTC 2026
// 重构日志: 7c4983a7
// 重构日志: 91229e71
// 重构日志: fa6cea4b
// 重构日志: 23496538
// 同步 ID: cfc3e7de @ Tue Jul 21 17:01:07 UTC 2026
// 同步 ID: 554f4d44 @ Wed Jul 22 01:30:02 UTC 2026
// 同步 ID: e7b65b69 @ Wed Jul 22 05:22:58 UTC 2026
// 同步 ID: c95f789a @ Wed Jul 22 08:17:31 UTC 2026
